{"level":"info","message":"Fetching user","service":"urbango-api","timestamp":"2025-11-24 18:18:44","userId":"1"}
{"error":"userData is not defined","level":"error","message":"Failed to fetch user","service":"urbango-api","timestamp":"2025-11-24 18:18:44","userId":"1"}
{"environment":"development","level":"info","message":"APPLICATION_STARTING","port":"3000","serverUrl":"http://localhost:3000","service":"urbango-api","timestamp":"2025-11-24 18:33:11"}
{"level":"info","message":"DATABASE_CONNECTED","meta":{"status":"connected","url":"mongodb://localhost:27017/urbango"},"service":"urbango-api","timestamp":"2025-11-24 18:33:12"}
{"environment":"development","level":"info","message":"APPLICATION_STARTED","pid":3860,"port":"3000","serverUrl":"http://localhost:3000","service":"urbango-api","timestamp":"2025-11-24 18:33:12"}
{"environment":"development","level":"info","message":"APPLICATION_STARTING","port":"3000","serverUrl":"http://localhost:3000","service":"urbango-api","timestamp":"2025-11-24 18:36:46"}
{"level":"info","message":"DATABASE_CONNECTED","service":"urbango-api","status":"connected","timestamp":"2025-11-24 18:36:46","url":"mongodb://localhost:27017/urbango"}
{"environment":"development","level":"info","message":"APPLICATION_STARTED","port":"3000","serverUrl":"http://localhost:3000","service":"urbango-api","status":"running","timestamp":"2025-11-24 18:36:46"}
{"environment":"development","level":"info","message":"APPLICATION_STARTING","port":"3000","serverUrl":"http://localhost:3000","service":"urbango-api","timestamp":"2025-11-24 18:37:00"}
{"level":"info","message":"DATABASE_CONNECTED","service":"urbango-api","status":"connected","timestamp":"2025-11-24 18:37:00","url":"mongodb://localhost:27017/urbango"}
{"environment":"development","level":"info","message":"APPLICATION_STARTED","port":"3000","serverUrl":"http://localhost:3000","service":"urbango-api","status":"running","timestamp":"2025-11-24 18:37:00"}
{"level":"info","message":"APPLICATION_SHUTDOWN_INITIATED","service":"urbango-api","signal":"SIGINT","timestamp":"2025-11-24 18:40:55"}
{"environment":"development","level":"info","message":"APPLICATION_STARTING","port":"3000","serverUrl":"http://localhost:3000","service":"urbango-api","timestamp":"2025-11-24 18:45:59"}
{"level":"info","message":"DATABASE_CONNECTED","service":"urbango-api","status":"connected","timestamp":"2025-11-24 18:45:59","url":"mongodb://localhost:27017/urbango"}
{"environment":"development","level":"info","message":"APPLICATION_STARTED","port":"3000","serverUrl":"http://localhost:3000","service":"urbango-api","status":"running","timestamp":"2025-11-24 18:45:59"}
{"environment":"development","level":"info","message":"APPLICATION_STARTING","port":"3000","serverUrl":"http://localhost:3000","service":"urbango-api","timestamp":"2025-11-24 18:47:59"}
{"level":"info","message":"DATABASE_CONNECTED","service":"urbango-api","status":"connected","timestamp":"2025-11-24 18:47:59","url":"mongodb://localhost:27017/urbango"}
{"environment":"development","level":"info","message":"APPLICATION_STARTED","port":"3000","serverUrl":"http://localhost:3000","service":"urbango-api","status":"running","timestamp":"2025-11-24 18:47:59"}
{"level":"info","message":"Fetching user","service":"urbango-api","timestamp":"2025-11-24 18:49:09","userId":"1"}
{"error":"userData is not defined","level":"error","message":"Failed to fetch user","service":"urbango-api","timestamp":"2025-11-24 18:49:09","userId":"1"}
{"environment":"development","level":"info","message":"APPLICATION_STARTING","port":"3000","serverUrl":"http://localhost:3000","service":"urbango-api","timestamp":"2025-11-24 19:03:45"}
{"level":"info","message":"DATABASE_CONNECTED","service":"urbango-api","status":"connected","timestamp":"2025-11-24 19:03:45","url":"mongodb://localhost:27017/urbango"}
{"environment":"development","level":"info","message":"APPLICATION_STARTED","port":"3000","serverUrl":"http://localhost:3000","service":"urbango-api","status":"running","timestamp":"2025-11-24 19:03:45"}
{"environment":"development","level":"info","message":"APPLICATION_STARTING","port":"3000","serverUrl":"http://localhost:3000","service":"urbango-api","timestamp":"2025-11-24 19:04:11"}
{"level":"info","message":"DATABASE_CONNECTED","service":"urbango-api","status":"connected","timestamp":"2025-11-24 19:04:11","url":"mongodb://localhost:27017/urbango"}
{"environment":"development","level":"info","message":"APPLICATION_STARTED","port":"3000","serverUrl":"http://localhost:3000","service":"urbango-api","status":"running","timestamp":"2025-11-24 19:04:11"}
{"environment":"development","level":"info","message":"APPLICATION_STARTING","port":"3000","serverUrl":"http://localhost:3000","service":"urbango-api","timestamp":"2025-11-24 19:04:15"}
{"level":"info","message":"DATABASE_CONNECTED","service":"urbango-api","status":"connected","timestamp":"2025-11-24 19:04:15","url":"mongodb://localhost:27017/urbango"}
{"environment":"development","level":"info","message":"APPLICATION_STARTED","port":"3000","serverUrl":"http://localhost:3000","service":"urbango-api","status":"running","timestamp":"2025-11-24 19:04:15"}
{"environment":"development","level":"info","message":"APPLICATION_STARTING","port":"3000","serverUrl":"http://localhost:3000","service":"urbango-api","timestamp":"2025-11-24 19:05:02"}
{"level":"info","message":"DATABASE_CONNECTED","service":"urbango-api","status":"connected","timestamp":"2025-11-24 19:05:02","url":"mongodb://localhost:27017/urbango"}
{"environment":"development","level":"info","message":"APPLICATION_STARTED","port":"3000","serverUrl":"http://localhost:3000","service":"urbango-api","status":"running","timestamp":"2025-11-24 19:05:02"}
{"environment":"development","level":"info","message":"APPLICATION_STARTING","port":"3000","serverUrl":"http://localhost:3000","service":"urbango-api","timestamp":"2025-11-24 19:05:50"}
{"level":"info","message":"DATABASE_CONNECTED","service":"urbango-api","status":"connected","timestamp":"2025-11-24 19:05:50","url":"mongodb://localhost:27017/urbango"}
{"environment":"development","level":"info","message":"APPLICATION_STARTED","port":"3000","serverUrl":"http://localhost:3000","service":"urbango-api","status":"running","timestamp":"2025-11-24 19:05:50"}
{"environment":"development","level":"info","message":"APPLICATION_STARTING","port":"3000","serverUrl":"http://localhost:3000","service":"urbango-api","timestamp":"2025-11-24 19:06:36"}
{"level":"info","message":"DATABASE_CONNECTED","service":"urbango-api","status":"connected","timestamp":"2025-11-24 19:06:36","url":"mongodb://localhost:27017/urbango"}
{"environment":"development","level":"info","message":"APPLICATION_STARTED","port":"3000","serverUrl":"http://localhost:3000","service":"urbango-api","status":"running","timestamp":"2025-11-24 19:06:36"}
{"environment":"development","level":"info","message":"APPLICATION_STARTING","port":"3000","serverUrl":"http://localhost:3000","service":"urbango-api","timestamp":"2025-11-24 19:06:43"}
{"level":"info","message":"DATABASE_CONNECTED","service":"urbango-api","status":"connected","timestamp":"2025-11-24 19:06:43","url":"mongodb://localhost:27017/urbango"}
{"environment":"development","level":"info","message":"APPLICATION_STARTED","port":"3000","serverUrl":"http://localhost:3000","service":"urbango-api","status":"running","timestamp":"2025-11-24 19:06:43"}
{"ip":"::1","level":"warn","message":"CLIENT_ERROR_404 Route /api/v1/application not found","method":"GET","originalError":"Error","service":"urbango-api","stack":"Error: Route /api/v1/application not found\n    at D:\\03_Projects\\Backend\\Movon\\src\\app.js:17:19\n    at Layer.handleRequest (D:\\03_Projects\\Backend\\Movon\\node_modules\\router\\lib\\layer.js:152:17)\n    at trimPrefix (D:\\03_Projects\\Backend\\Movon\\node_modules\\router\\index.js:342:13)\n    at D:\\03_Projects\\Backend\\Movon\\node_modules\\router\\index.js:297:9\n    at processParams (D:\\03_Projects\\Backend\\Movon\\node_modules\\router\\index.js:582:12)\n    at next (D:\\03_Projects\\Backend\\Movon\\node_modules\\router\\index.js:291:5)\n    at D:\\03_Projects\\Backend\\Movon\\node_modules\\router\\index.js:688:15\n    at next (D:\\03_Projects\\Backend\\Movon\\node_modules\\router\\index.js:276:14)\n    at Function.handle (D:\\03_Projects\\Backend\\Movon\\node_modules\\router\\index.js:186:3)\n    at router (D:\\03_Projects\\Backend\\Movon\\node_modules\\router\\index.js:60:12)","statusCode":404,"timestamp":"2025-11-24 19:07:39","url":"/api/v1/application","userAgent":"Mozilla/5.0 (Windows NT 10.0; Win64; x64) AppleWebKit/537.36 (KHTML, like Gecko) Chrome/142.0.0.0 Safari/537.36","userId":"anonymous"}
{"errorCode":"MODULE_NOT_FOUND","ip":"::1","level":"error","message":"SERVER_ERROR_500 Cannot find module '../services/healthService'\nRequire stack:\n- D:\\03_Projects\\Backend\\Movon\\src\\router\\healthRoutes.js\n- D:\\03_Projects\\Backend\\Movon\\src\\app.js\n- D:\\03_Projects\\Backend\\Movon\\src\\server.js","method":"GET","originalError":"Error","service":"urbango-api","stack":"Error: Cannot find module '../services/healthService'\nRequire stack:\n- D:\\03_Projects\\Backend\\Movon\\src\\router\\healthRoutes.js\n- D:\\03_Projects\\Backend\\Movon\\src\\app.js\n- D:\\03_Projects\\Backend\\Movon\\src\\server.js\n    at Module._resolveFilename (node:internal/modules/cjs/loader:1144:15)\n    at Module._load (node:internal/modules/cjs/loader:985:27)\n    at Module.require (node:internal/modules/cjs/loader:1235:19)\n    at require (node:internal/modules/helpers:176:18)\n    at D:\\03_Projects\\Backend\\Movon\\src\\router\\healthRoutes.js:35:27\n    at Layer.handleRequest (D:\\03_Projects\\Backend\\Movon\\node_modules\\router\\lib\\layer.js:152:17)\n    at next (D:\\03_Projects\\Backend\\Movon\\node_modules\\router\\lib\\route.js:157:13)\n    at Route.dispatch (D:\\03_Projects\\Backend\\Movon\\node_modules\\router\\lib\\route.js:117:3)\n    at handle (D:\\03_Projects\\Backend\\Movon\\node_modules\\router\\index.js:435:11)\n    at Layer.handleRequest (D:\\03_Projects\\Backend\\Movon\\node_modules\\router\\lib\\layer.js:152:17)","statusCode":500,"timestamp":"2025-11-24 19:07:53","url":"/api/v1/health/application","userAgent":"Mozilla/5.0 (Windows NT 10.0; Win64; x64) AppleWebKit/537.36 (KHTML, like Gecko) Chrome/142.0.0.0 Safari/537.36","userId":"anonymous"}
{"environment":"development","level":"info","message":"APPLICATION_STARTING","port":"3000","serverUrl":"http://localhost:3000","service":"urbango-api","timestamp":"2025-11-24 19:08:25"}
{"level":"info","message":"DATABASE_CONNECTED","service":"urbango-api","status":"connected","timestamp":"2025-11-24 19:08:25","url":"mongodb://localhost:27017/urbango"}
{"environment":"development","level":"info","message":"APPLICATION_STARTED","port":"3000","serverUrl":"http://localhost:3000","service":"urbango-api","status":"running","timestamp":"2025-11-24 19:08:25"}
{"environment":"development","level":"info","message":"APPLICATION_STARTING","port":"3000","serverUrl":"http://localhost:3000","service":"urbango-api","timestamp":"2025-11-24 19:08:27"}
{"level":"info","message":"DATABASE_CONNECTED","service":"urbango-api","status":"connected","timestamp":"2025-11-24 19:08:27","url":"mongodb://localhost:27017/urbango"}
{"environment":"development","level":"info","message":"APPLICATION_STARTED","port":"3000","serverUrl":"http://localhost:3000","service":"urbango-api","status":"running","timestamp":"2025-11-24 19:08:27"}
{"environment":"development","level":"info","message":"APPLICATION_STARTING","port":"3000","serverUrl":"http://localhost:3000","service":"urbango-api","timestamp":"2025-11-24 19:08:30"}
{"level":"info","message":"DATABASE_CONNECTED","service":"urbango-api","status":"connected","timestamp":"2025-11-24 19:08:30","url":"mongodb://localhost:27017/urbango"}
{"environment":"development","level":"info","message":"APPLICATION_STARTED","port":"3000","serverUrl":"http://localhost:3000","service":"urbango-api","status":"running","timestamp":"2025-11-24 19:08:30"}
{"environment":"development","level":"info","message":"APPLICATION_STARTING","port":"3000","serverUrl":"http://localhost:3000","service":"urbango-api","timestamp":"2025-11-24 19:08:46"}
{"level":"info","message":"DATABASE_CONNECTED","service":"urbango-api","status":"connected","timestamp":"2025-11-24 19:08:46","url":"mongodb://localhost:27017/urbango"}
{"environment":"development","level":"info","message":"APPLICATION_STARTED","port":"3000","serverUrl":"http://localhost:3000","service":"urbango-api","status":"running","timestamp":"2025-11-24 19:08:46"}
{"environment":"development","level":"info","message":"APPLICATION_STARTING","port":"3000","serverUrl":"http://localhost:3000","service":"urbango-api","timestamp":"2025-11-24 19:09:04"}
{"level":"info","message":"DATABASE_CONNECTED","service":"urbango-api","status":"connected","timestamp":"2025-11-24 19:09:04","url":"mongodb://localhost:27017/urbango"}
{"environment":"development","level":"info","message":"APPLICATION_STARTED","port":"3000","serverUrl":"http://localhost:3000","service":"urbango-api","status":"running","timestamp":"2025-11-24 19:09:04"}
{"environment":"development","level":"info","message":"APPLICATION_STARTING","port":"3000","serverUrl":"http://localhost:3000","service":"urbango-api","timestamp":"2025-11-24 19:09:11"}
{"level":"info","message":"DATABASE_CONNECTED","service":"urbango-api","status":"connected","timestamp":"2025-11-24 19:09:11","url":"mongodb://localhost:27017/urbango"}
{"environment":"development","level":"info","message":"APPLICATION_STARTED","port":"3000","serverUrl":"http://localhost:3000","service":"urbango-api","status":"running","timestamp":"2025-11-24 19:09:11"}
{"environment":"development","level":"info","message":"APPLICATION_STARTING","port":"3000","serverUrl":"http://localhost:3000","service":"urbango-api","timestamp":"2025-11-24 19:09:13"}
{"level":"info","message":"DATABASE_CONNECTED","service":"urbango-api","status":"connected","timestamp":"2025-11-24 19:09:13","url":"mongodb://localhost:27017/urbango"}
{"environment":"development","level":"info","message":"APPLICATION_STARTED","port":"3000","serverUrl":"http://localhost:3000","service":"urbango-api","status":"running","timestamp":"2025-11-24 19:09:13"}
{"environment":"development","level":"info","message":"APPLICATION_STARTING","port":"3000","serverUrl":"http://localhost:3000","service":"urbango-api","timestamp":"2025-11-24 19:09:19"}
{"level":"info","message":"DATABASE_CONNECTED","service":"urbango-api","status":"connected","timestamp":"2025-11-24 19:09:19","url":"mongodb://localhost:27017/urbango"}
{"environment":"development","level":"info","message":"APPLICATION_STARTED","port":"3000","serverUrl":"http://localhost:3000","service":"urbango-api","status":"running","timestamp":"2025-11-24 19:09:20"}
{"environment":"development","level":"info","message":"APPLICATION_STARTING","port":"3000","serverUrl":"http://localhost:3000","service":"urbango-api","timestamp":"2025-11-24 19:09:47"}
{"level":"info","message":"DATABASE_CONNECTED","service":"urbango-api","status":"connected","timestamp":"2025-11-24 19:09:47","url":"mongodb://localhost:27017/urbango"}
{"environment":"development","level":"info","message":"APPLICATION_STARTED","port":"3000","serverUrl":"http://localhost:3000","service":"urbango-api","status":"running","timestamp":"2025-11-24 19:09:47"}
{"environment":"development","level":"info","message":"APPLICATION_STARTING","port":"3000","serverUrl":"http://localhost:3000","service":"urbango-api","timestamp":"2025-11-24 19:09:53"}
{"level":"info","message":"DATABASE_CONNECTED","service":"urbango-api","status":"connected","timestamp":"2025-11-24 19:09:53","url":"mongodb://localhost:27017/urbango"}
{"environment":"development","level":"info","message":"APPLICATION_STARTED","port":"3000","serverUrl":"http://localhost:3000","service":"urbango-api","status":"running","timestamp":"2025-11-24 19:09:53"}
{"environment":"development","level":"info","message":"APPLICATION_STARTING","port":"3000","serverUrl":"http://localhost:3000","service":"urbango-api","timestamp":"2025-11-24 19:09:57"}
{"level":"info","message":"DATABASE_CONNECTED","service":"urbango-api","status":"connected","timestamp":"2025-11-24 19:09:57","url":"mongodb://localhost:27017/urbango"}
{"environment":"development","level":"info","message":"APPLICATION_STARTED","port":"3000","serverUrl":"http://localhost:3000","service":"urbango-api","status":"running","timestamp":"2025-11-24 19:09:57"}
{"environment":"development","level":"info","message":"APPLICATION_STARTING","port":"3000","serverUrl":"http://localhost:3000","service":"urbango-api","timestamp":"2025-11-24 20:11:29"}
{"level":"info","message":"DATABASE_CONNECTED","service":"urbango-api","status":"connected","timestamp":"2025-11-24 20:11:29","url":"mongodb://localhost:27017/urbango"}
{"environment":"development","level":"info","message":"APPLICATION_STARTED","port":"3000","serverUrl":"http://localhost:3000","service":"urbango-api","status":"running","timestamp":"2025-11-24 20:11:29"}
{"environment":"development","level":"info","message":"APPLICATION_STARTING","port":"3000","serverUrl":"http://localhost:3000","service":"urbango-api","timestamp":"2025-11-25 17:01:06"}
{"level":"info","message":"DATABASE_CONNECTED","service":"urbango-api","status":"connected","timestamp":"2025-11-25 17:01:06","url":"mongodb://localhost:27017/urbango"}
{"environment":"development","level":"info","message":"APPLICATION_STARTED","port":"3000","serverUrl":"http://localhost:3000","service":"urbango-api","status":"running","timestamp":"2025-11-25 17:01:07"}
{"ip":"::1","level":"warn","message":"CLIENT_ERROR_404 Route /api/v1/self not found","method":"GET","originalError":"Error","service":"urbango-api","stack":"Error: Route /api/v1/self not found\n    at D:\\03_Projects\\Backend\\Movon\\src\\app.js:26:17\n    at Layer.handleRequest (D:\\03_Projects\\Backend\\Movon\\node_modules\\router\\lib\\layer.js:152:17)\n    at trimPrefix (D:\\03_Projects\\Backend\\Movon\\node_modules\\router\\index.js:342:13)\n    at D:\\03_Projects\\Backend\\Movon\\node_modules\\router\\index.js:297:9\n    at processParams (D:\\03_Projects\\Backend\\Movon\\node_modules\\router\\index.js:582:12)\n    at next (D:\\03_Projects\\Backend\\Movon\\node_modules\\router\\index.js:291:5)\n    at D:\\03_Projects\\Backend\\Movon\\node_modules\\router\\index.js:688:15\n    at next (D:\\03_Projects\\Backend\\Movon\\node_modules\\router\\index.js:276:14)\n    at Function.handle (D:\\03_Projects\\Backend\\Movon\\node_modules\\router\\index.js:186:3)\n    at router (D:\\03_Projects\\Backend\\Movon\\node_modules\\router\\index.js:60:12)","statusCode":404,"timestamp":"2025-11-25 17:01:15","url":"/api/v1/self","userAgent":"Mozilla/5.0 (Windows NT 10.0; Win64; x64) AppleWebKit/537.36 (KHTML, like Gecko) Chrome/142.0.0.0 Safari/537.36","userId":"anonymous"}
{"ip":"::1","level":"warn","message":"CLIENT_ERROR_404 Route /favicon.ico not found","method":"GET","originalError":"Error","service":"urbango-api","stack":"Error: Route /favicon.ico not found\n    at D:\\03_Projects\\Backend\\Movon\\src\\app.js:26:17\n    at Layer.handleRequest (D:\\03_Projects\\Backend\\Movon\\node_modules\\router\\lib\\layer.js:152:17)\n    at trimPrefix (D:\\03_Projects\\Backend\\Movon\\node_modules\\router\\index.js:342:13)\n    at D:\\03_Projects\\Backend\\Movon\\node_modules\\router\\index.js:297:9\n    at processParams (D:\\03_Projects\\Backend\\Movon\\node_modules\\router\\index.js:582:12)\n    at next (D:\\03_Projects\\Backend\\Movon\\node_modules\\router\\index.js:291:5)\n    at SendStream.error (D:\\03_Projects\\Backend\\Movon\\node_modules\\serve-static\\index.js:120:7)\n    at SendStream.emit (node:events:518:28)\n    at SendStream.error (D:\\03_Projects\\Backend\\Movon\\node_modules\\send\\index.js:168:17)\n    at SendStream.onStatError (D:\\03_Projects\\Backend\\Movon\\node_modules\\send\\index.js:315:12)","statusCode":404,"timestamp":"2025-11-25 17:01:15","url":"/favicon.ico","userAgent":"Mozilla/5.0 (Windows NT 10.0; Win64; x64) AppleWebKit/537.36 (KHTML, like Gecko) Chrome/142.0.0.0 Safari/537.36","userId":"anonymous"}
{"ip":"::1","level":"warn","message":"CLIENT_ERROR_404 Route /.well-known/appspecific/com.chrome.devtools.json not found","method":"GET","originalError":"Error","service":"urbango-api","stack":"Error: Route /.well-known/appspecific/com.chrome.devtools.json not found\n    at D:\\03_Projects\\Backend\\Movon\\src\\app.js:26:17\n    at Layer.handleRequest (D:\\03_Projects\\Backend\\Movon\\node_modules\\router\\lib\\layer.js:152:17)\n    at trimPrefix (D:\\03_Projects\\Backend\\Movon\\node_modules\\router\\index.js:342:13)\n    at D:\\03_Projects\\Backend\\Movon\\node_modules\\router\\index.js:297:9\n    at processParams (D:\\03_Projects\\Backend\\Movon\\node_modules\\router\\index.js:582:12)\n    at next (D:\\03_Projects\\Backend\\Movon\\node_modules\\router\\index.js:291:5)\n    at SendStream.error (D:\\03_Projects\\Backend\\Movon\\node_modules\\serve-static\\index.js:120:7)\n    at SendStream.emit (node:events:518:28)\n    at SendStream.error (D:\\03_Projects\\Backend\\Movon\\node_modules\\send\\index.js:168:17)\n    at SendStream.pipe (D:\\03_Projects\\Backend\\Movon\\node_modules\\send\\index.js:468:14)","statusCode":404,"timestamp":"2025-11-25 17:01:26","url":"/.well-known/appspecific/com.chrome.devtools.json","userAgent":"Mozilla/5.0 (Windows NT 10.0; Win64; x64) AppleWebKit/537.36 (KHTML, like Gecko) Chrome/142.0.0.0 Safari/537.36","userId":"anonymous"}
{"environment":"development","level":"info","message":"APPLICATION_STARTING","port":"3000","serverUrl":"http://localhost:3000","service":"urbango-api","timestamp":"2025-11-25 17:06:09"}
{"level":"info","message":"DATABASE_CONNECTED","service":"urbango-api","status":"connected","timestamp":"2025-11-25 17:06:09","url":"mongodb://localhost:27017/urbango"}
{"environment":"development","level":"info","message":"APPLICATION_STARTED","port":"3000","serverUrl":"http://localhost:3000","service":"urbango-api","status":"running","timestamp":"2025-11-25 17:06:09"}
{"environment":"development","level":"info","message":"APPLICATION_STARTING","port":"3000","serverUrl":"http://localhost:3000","service":"urbango-api","timestamp":"2025-11-25 17:06:40"}
{"level":"info","message":"DATABASE_CONNECTED","service":"urbango-api","status":"connected","timestamp":"2025-11-25 17:06:40","url":"mongodb://localhost:27017/urbango"}
{"environment":"development","level":"info","message":"APPLICATION_STARTED","port":"3000","serverUrl":"http://localhost:3000","service":"urbango-api","status":"running","timestamp":"2025-11-25 17:06:40"}
{"environment":"development","level":"info","message":"APPLICATION_STARTING","port":"3000","serverUrl":"http://localhost:3000","service":"urbango-api","timestamp":"2025-11-25 17:07:29"}
{"level":"info","message":"DATABASE_CONNECTED","service":"urbango-api","status":"connected","timestamp":"2025-11-25 17:07:29","url":"mongodb://localhost:27017/urbango"}
{"environment":"development","level":"info","message":"APPLICATION_STARTED","port":"3000","serverUrl":"http://localhost:3000","service":"urbango-api","status":"running","timestamp":"2025-11-25 17:07:29"}
{"environment":"development","level":"info","message":"APPLICATION_STARTING","port":"3000","serverUrl":"http://localhost:3000","service":"urbango-api","timestamp":"2025-11-25 17:07:30"}
{"level":"info","message":"DATABASE_CONNECTED","service":"urbango-api","status":"connected","timestamp":"2025-11-25 17:07:30","url":"mongodb://localhost:27017/urbango"}
{"environment":"development","level":"info","message":"APPLICATION_STARTED","port":"3000","serverUrl":"http://localhost:3000","service":"urbango-api","status":"running","timestamp":"2025-11-25 17:07:30"}
{"environment":"development","level":"info","message":"APPLICATION_STARTING","port":"3000","serverUrl":"http://localhost:3000","service":"urbango-api","timestamp":"2025-11-25 17:07:43"}
{"level":"info","message":"DATABASE_CONNECTED","service":"urbango-api","status":"connected","timestamp":"2025-11-25 17:07:43","url":"mongodb://localhost:27017/urbango"}
{"environment":"development","level":"info","message":"APPLICATION_STARTED","port":"3000","serverUrl":"http://localhost:3000","service":"urbango-api","status":"running","timestamp":"2025-11-25 17:07:43"}
{"environment":"development","level":"info","message":"APPLICATION_STARTING","port":"3000","serverUrl":"http://localhost:3000","service":"urbango-api","timestamp":"2025-11-25 17:08:52"}
{"level":"info","message":"DATABASE_CONNECTED","service":"urbango-api","status":"connected","timestamp":"2025-11-25 17:08:52","url":"mongodb://localhost:27017/urbango"}
{"environment":"development","level":"info","message":"APPLICATION_STARTED","port":"3000","serverUrl":"http://localhost:3000","service":"urbango-api","status":"running","timestamp":"2025-11-25 17:08:52"}
{"environment":"development","level":"info","message":"APPLICATION_STARTING","port":"3000","serverUrl":"http://localhost:3000","service":"urbango-api","timestamp":"2025-11-25 17:09:02"}
{"level":"info","message":"DATABASE_CONNECTED","service":"urbango-api","status":"connected","timestamp":"2025-11-25 17:09:02","url":"mongodb://localhost:27017/urbango"}
{"environment":"development","level":"info","message":"APPLICATION_STARTED","port":"3000","serverUrl":"http://localhost:3000","service":"urbango-api","status":"running","timestamp":"2025-11-25 17:09:02"}
{"environment":"development","level":"info","message":"APPLICATION_STARTING","port":"3000","serverUrl":"http://localhost:3000","service":"urbango-api","timestamp":"2025-11-25 17:09:11"}
{"level":"info","message":"DATABASE_CONNECTED","service":"urbango-api","status":"connected","timestamp":"2025-11-25 17:09:11","url":"mongodb://localhost:27017/urbango"}
{"environment":"development","level":"info","message":"APPLICATION_STARTED","port":"3000","serverUrl":"http://localhost:3000","service":"urbango-api","status":"running","timestamp":"2025-11-25 17:09:11"}
{"environment":"development","level":"info","message":"APPLICATION_STARTING","port":"3000","serverUrl":"http://localhost:3000","service":"urbango-api","timestamp":"2025-11-25 17:09:17"}
{"level":"info","message":"DATABASE_CONNECTED","service":"urbango-api","status":"connected","timestamp":"2025-11-25 17:09:17","url":"mongodb://localhost:27017/urbango"}
{"environment":"development","level":"info","message":"APPLICATION_STARTED","port":"3000","serverUrl":"http://localhost:3000","service":"urbango-api","status":"running","timestamp":"2025-11-25 17:09:17"}
{"environment":"development","level":"info","message":"APPLICATION_STARTING","port":"3000","serverUrl":"http://localhost:3000","service":"urbango-api","timestamp":"2025-11-25 17:09:26"}
{"level":"info","message":"DATABASE_CONNECTED","service":"urbango-api","status":"connected","timestamp":"2025-11-25 17:09:26","url":"mongodb://localhost:27017/urbango"}
{"environment":"development","level":"info","message":"APPLICATION_STARTED","port":"3000","serverUrl":"http://localhost:3000","service":"urbango-api","status":"running","timestamp":"2025-11-25 17:09:26"}
{"environment":"development","level":"info","message":"APPLICATION_STARTING","port":"3000","serverUrl":"http://localhost:3000","service":"urbango-api","timestamp":"2025-11-25 17:23:14"}
{"level":"info","message":"DATABASE_CONNECTED","service":"urbango-api","status":"connected","timestamp":"2025-11-25 17:23:14","url":"mongodb://localhost:27017/urbango"}
{"environment":"development","level":"info","message":"APPLICATION_STARTED","port":"3000","serverUrl":"http://localhost:3000","service":"urbango-api","status":"running","timestamp":"2025-11-25 17:23:14"}
{"environment":"development","level":"info","message":"APPLICATION_STARTING","port":"3000","serverUrl":"http://localhost:3000","service":"urbango-api","timestamp":"2025-11-25 17:29:43"}
{"level":"info","message":"DATABASE_CONNECTED","service":"urbango-api","status":"connected","timestamp":"2025-11-25 17:29:43","url":"mongodb://localhost:27017/urbango"}
{"environment":"development","level":"info","message":"APPLICATION_STARTED","port":"3000","serverUrl":"http://localhost:3000","service":"urbango-api","status":"running","timestamp":"2025-11-25 17:29:43"}
{"environment":"development","level":"info","message":"APPLICATION_STARTING","port":"3000","serverUrl":"http://localhost:3000","service":"urbango-api","timestamp":"2025-11-25 17:30:41"}
{"level":"info","message":"DATABASE_CONNECTED","service":"urbango-api","status":"connected","timestamp":"2025-11-25 17:30:41","url":"mongodb://localhost:27017/urbango"}
{"environment":"development","level":"info","message":"APPLICATION_STARTED","port":"3000","serverUrl":"http://localhost:3000","service":"urbango-api","status":"running","timestamp":"2025-11-25 17:30:41"}
{"environment":"development","level":"info","message":"APPLICATION_STARTING","port":"3000","serverUrl":"http://localhost:3000","service":"urbango-api","timestamp":"2025-11-25 17:33:22"}
{"level":"info","message":"DATABASE_CONNECTED","service":"urbango-api","status":"connected","timestamp":"2025-11-25 17:33:22","url":"mongodb://localhost:27017/urbango"}
{"environment":"development","level":"info","message":"APPLICATION_STARTED","port":"3000","serverUrl":"http://localhost:3000","service":"urbango-api","status":"running","timestamp":"2025-11-25 17:33:22"}
{"environment":"development","level":"info","message":"APPLICATION_STARTING","port":"3000","serverUrl":"http://localhost:3000","service":"urbango-api","timestamp":"2025-11-25 17:36:05"}
{"level":"info","message":"DATABASE_CONNECTED","service":"urbango-api","status":"connected","timestamp":"2025-11-25 17:36:05","url":"mongodb://localhost:27017/urbango"}
{"environment":"development","level":"info","message":"APPLICATION_STARTED","port":"3000","serverUrl":"http://localhost:3000","service":"urbango-api","status":"running","timestamp":"2025-11-25 17:36:05"}
{"environment":"development","level":"info","message":"APPLICATION_STARTING","port":"3000","serverUrl":"http://localhost:3000","service":"urbango-api","timestamp":"2025-11-25 17:36:13"}
{"level":"info","message":"DATABASE_CONNECTED","service":"urbango-api","status":"connected","timestamp":"2025-11-25 17:36:13","url":"mongodb://localhost:27017/urbango"}
{"environment":"development","level":"info","message":"APPLICATION_STARTED","port":"3000","serverUrl":"http://localhost:3000","service":"urbango-api","status":"running","timestamp":"2025-11-25 17:36:13"}
{"environment":"development","level":"info","message":"APPLICATION_STARTING","port":"3000","serverUrl":"http://localhost:3000","service":"urbango-api","timestamp":"2025-11-25 17:36:15"}
{"level":"info","message":"DATABASE_CONNECTED","service":"urbango-api","status":"connected","timestamp":"2025-11-25 17:36:15","url":"mongodb://localhost:27017/urbango"}
{"environment":"development","level":"info","message":"APPLICATION_STARTED","port":"3000","serverUrl":"http://localhost:3000","service":"urbango-api","status":"running","timestamp":"2025-11-25 17:36:15"}
{"environment":"development","level":"info","message":"APPLICATION_STARTING","port":"3000","serverUrl":"http://localhost:3000","service":"urbango-api","timestamp":"2025-11-25 17:36:21"}
{"level":"info","message":"DATABASE_CONNECTED","service":"urbango-api","status":"connected","timestamp":"2025-11-25 17:36:21","url":"mongodb://localhost:27017/urbango"}
{"environment":"development","level":"info","message":"APPLICATION_STARTED","port":"3000","serverUrl":"http://localhost:3000","service":"urbango-api","status":"running","timestamp":"2025-11-25 17:36:21"}
{"environment":"development","level":"info","message":"APPLICATION_STARTING","port":"3000","serverUrl":"http://localhost:3000","service":"urbango-api","timestamp":"2025-11-25 17:36:46"}
{"level":"info","message":"DATABASE_CONNECTED","service":"urbango-api","status":"connected","timestamp":"2025-11-25 17:36:46","url":"mongodb://localhost:27017/urbango"}
{"environment":"development","level":"info","message":"APPLICATION_STARTED","port":"3000","serverUrl":"http://localhost:3000","service":"urbango-api","status":"running","timestamp":"2025-11-25 17:36:46"}
{"environment":"development","level":"info","message":"APPLICATION_STARTING","port":"3000","serverUrl":"http://localhost:3000","service":"urbango-api","timestamp":"2025-11-25 17:36:47"}
{"level":"info","message":"DATABASE_CONNECTED","service":"urbango-api","status":"connected","timestamp":"2025-11-25 17:36:47","url":"mongodb://localhost:27017/urbango"}
{"environment":"development","level":"info","message":"APPLICATION_STARTED","port":"3000","serverUrl":"http://localhost:3000","service":"urbango-api","status":"running","timestamp":"2025-11-25 17:36:47"}
{"environment":"development","level":"info","message":"APPLICATION_STARTING","port":"3000","serverUrl":"http://localhost:3000","service":"urbango-api","timestamp":"2025-11-25 17:36:51"}
{"level":"info","message":"DATABASE_CONNECTED","service":"urbango-api","status":"connected","timestamp":"2025-11-25 17:36:51","url":"mongodb://localhost:27017/urbango"}
{"environment":"development","level":"info","message":"APPLICATION_STARTED","port":"3000","serverUrl":"http://localhost:3000","service":"urbango-api","status":"running","timestamp":"2025-11-25 17:36:51"}
{"environment":"development","level":"info","message":"APPLICATION_STARTING","port":"3000","serverUrl":"http://localhost:3000","service":"urbango-api","timestamp":"2025-11-25 17:37:18"}
{"level":"info","message":"DATABASE_CONNECTED","service":"urbango-api","status":"connected","timestamp":"2025-11-25 17:37:18","url":"mongodb://localhost:27017/urbango"}
{"environment":"development","level":"info","message":"APPLICATION_STARTED","port":"3000","serverUrl":"http://localhost:3000","service":"urbango-api","status":"running","timestamp":"2025-11-25 17:37:18"}
{"environment":"development","level":"info","message":"APPLICATION_STARTING","port":"3000","serverUrl":"http://localhost:3000","service":"urbango-api","timestamp":"2025-11-25 17:37:27"}
{"level":"info","message":"DATABASE_CONNECTED","service":"urbango-api","status":"connected","timestamp":"2025-11-25 17:37:27","url":"mongodb://localhost:27017/urbango"}
{"environment":"development","level":"info","message":"APPLICATION_STARTED","port":"3000","serverUrl":"http://localhost:3000","service":"urbango-api","status":"running","timestamp":"2025-11-25 17:37:27"}
{"environment":"development","level":"info","message":"APPLICATION_STARTING","port":"3000","serverUrl":"http://localhost:3000","service":"urbango-api","timestamp":"2025-11-25 17:39:34"}
{"level":"info","message":"DATABASE_CONNECTED","service":"urbango-api","status":"connected","timestamp":"2025-11-25 17:39:34","url":"mongodb://localhost:27017/urbango"}
{"environment":"development","level":"info","message":"APPLICATION_STARTED","port":"3000","serverUrl":"http://localhost:3000","service":"urbango-api","status":"running","timestamp":"2025-11-25 17:39:34"}
{"environment":"development","level":"info","message":"APPLICATION_STARTING","port":"3000","serverUrl":"http://localhost:3000","service":"urbango-api","timestamp":"2025-11-25 17:39:44"}
{"level":"info","message":"DATABASE_CONNECTED","service":"urbango-api","status":"connected","timestamp":"2025-11-25 17:39:44","url":"mongodb://localhost:27017/urbango"}
{"environment":"development","level":"info","message":"APPLICATION_STARTED","port":"3000","serverUrl":"http://localhost:3000","service":"urbango-api","status":"running","timestamp":"2025-11-25 17:39:44"}
{"environment":"development","level":"info","message":"APPLICATION_STARTING","port":"3000","serverUrl":"http://localhost:3000","service":"urbango-api","timestamp":"2025-11-25 17:39:46"}
{"level":"info","message":"DATABASE_CONNECTED","service":"urbango-api","status":"connected","timestamp":"2025-11-25 17:39:46","url":"mongodb://localhost:27017/urbango"}
{"environment":"development","level":"info","message":"APPLICATION_STARTED","port":"3000","serverUrl":"http://localhost:3000","service":"urbango-api","status":"running","timestamp":"2025-11-25 17:39:46"}
{"environment":"development","level":"info","message":"APPLICATION_STARTING","port":"3000","serverUrl":"http://localhost:3000","service":"urbango-api","timestamp":"2025-11-25 17:40:09"}
{"level":"info","message":"DATABASE_CONNECTED","service":"urbango-api","status":"connected","timestamp":"2025-11-25 17:40:09","url":"mongodb://localhost:27017/urbango"}
{"environment":"development","level":"info","message":"APPLICATION_STARTED","port":"3000","serverUrl":"http://localhost:3000","service":"urbango-api","status":"running","timestamp":"2025-11-25 17:40:09"}
{"environment":"development","level":"info","message":"APPLICATION_STARTING","port":"3000","serverUrl":"http://localhost:3000","service":"urbango-api","timestamp":"2025-11-25 17:41:16"}
{"level":"info","message":"DATABASE_CONNECTED","service":"urbango-api","status":"connected","timestamp":"2025-11-25 17:41:16","url":"mongodb://localhost:27017/urbango"}
{"environment":"development","level":"info","message":"APPLICATION_STARTED","port":"3000","serverUrl":"http://localhost:3000","service":"urbango-api","status":"running","timestamp":"2025-11-25 17:41:16"}
{"environment":"development","level":"info","message":"APPLICATION_STARTING","port":"3000","serverUrl":"http://localhost:3000","service":"urbango-api","timestamp":"2025-11-25 17:42:47"}
{"level":"info","message":"DATABASE_CONNECTED","service":"urbango-api","status":"connected","timestamp":"2025-11-25 17:42:47","url":"mongodb://localhost:27017/urbango"}
{"environment":"development","level":"info","message":"APPLICATION_STARTED","port":"3000","serverUrl":"http://localhost:3000","service":"urbango-api","status":"running","timestamp":"2025-11-25 17:42:47"}
{"environment":"development","level":"info","message":"APPLICATION_STARTING","port":"3000","serverUrl":"http://localhost:3000","service":"urbango-api","timestamp":"2025-11-25 17:42:54"}
{"level":"info","message":"DATABASE_CONNECTED","service":"urbango-api","status":"connected","timestamp":"2025-11-25 17:42:54","url":"mongodb://localhost:27017/urbango"}
{"environment":"development","level":"info","message":"APPLICATION_STARTED","port":"3000","serverUrl":"http://localhost:3000","service":"urbango-api","status":"running","timestamp":"2025-11-25 17:42:54"}
{"environment":"development","level":"info","message":"APPLICATION_STARTING","port":"3000","serverUrl":"http://localhost:3000","service":"urbango-api","timestamp":"2025-11-25 17:42:56"}
{"level":"info","message":"DATABASE_CONNECTED","service":"urbango-api","status":"connected","timestamp":"2025-11-25 17:42:56","url":"mongodb://localhost:27017/urbango"}
{"environment":"development","level":"info","message":"APPLICATION_STARTED","port":"3000","serverUrl":"http://localhost:3000","service":"urbango-api","status":"running","timestamp":"2025-11-25 17:42:56"}
{"environment":"development","level":"info","message":"APPLICATION_STARTING","port":"3000","serverUrl":"http://localhost:3000","service":"urbango-api","timestamp":"2025-11-25 17:42:58"}
{"level":"info","message":"DATABASE_CONNECTED","service":"urbango-api","status":"connected","timestamp":"2025-11-25 17:42:58","url":"mongodb://localhost:27017/urbango"}
{"environment":"development","level":"info","message":"APPLICATION_STARTED","port":"3000","serverUrl":"http://localhost:3000","service":"urbango-api","status":"running","timestamp":"2025-11-25 17:42:58"}
{"environment":"development","level":"info","message":"APPLICATION_STARTING","port":"3000","serverUrl":"http://localhost:3000","service":"urbango-api","timestamp":"2025-11-25 17:43:00"}
{"level":"info","message":"DATABASE_CONNECTED","service":"urbango-api","status":"connected","timestamp":"2025-11-25 17:43:00","url":"mongodb://localhost:27017/urbango"}
{"environment":"development","level":"info","message":"APPLICATION_STARTED","port":"3000","serverUrl":"http://localhost:3000","service":"urbango-api","status":"running","timestamp":"2025-11-25 17:43:00"}
{"environment":"development","level":"info","message":"APPLICATION_STARTING","port":"3000","serverUrl":"http://localhost:3000","service":"urbango-api","timestamp":"2025-11-25 17:43:01"}
{"level":"info","message":"DATABASE_CONNECTED","service":"urbango-api","status":"connected","timestamp":"2025-11-25 17:43:01","url":"mongodb://localhost:27017/urbango"}
{"environment":"development","level":"info","message":"APPLICATION_STARTED","port":"3000","serverUrl":"http://localhost:3000","service":"urbango-api","status":"running","timestamp":"2025-11-25 17:43:01"}
{"environment":"development","level":"info","message":"APPLICATION_STARTING","port":"3000","serverUrl":"http://localhost:3000","service":"urbango-api","timestamp":"2025-11-25 17:43:54"}
{"level":"info","message":"DATABASE_CONNECTED","service":"urbango-api","status":"connected","timestamp":"2025-11-25 17:43:54","url":"mongodb://localhost:27017/urbango"}
{"environment":"development","level":"info","message":"APPLICATION_STARTED","port":"3000","serverUrl":"http://localhost:3000","service":"urbango-api","status":"running","timestamp":"2025-11-25 17:43:54"}
{"environment":"development","level":"info","message":"APPLICATION_STARTING","port":"3000","serverUrl":"http://localhost:3000","service":"urbango-api","timestamp":"2025-11-25 17:44:06"}
{"level":"info","message":"DATABASE_CONNECTED","service":"urbango-api","status":"connected","timestamp":"2025-11-25 17:44:06","url":"mongodb://localhost:27017/urbango"}
{"environment":"development","level":"info","message":"APPLICATION_STARTED","port":"3000","serverUrl":"http://localhost:3000","service":"urbango-api","status":"running","timestamp":"2025-11-25 17:44:06"}
{"environment":"development","level":"info","message":"APPLICATION_STARTING","port":"3000","serverUrl":"http://localhost:3000","service":"urbango-api","timestamp":"2025-11-25 17:45:20"}
{"level":"info","message":"DATABASE_CONNECTED","service":"urbango-api","status":"connected","timestamp":"2025-11-25 17:45:20","url":"mongodb://localhost:27017/urbango"}
{"environment":"development","level":"info","message":"APPLICATION_STARTED","port":"3000","serverUrl":"http://localhost:3000","service":"urbango-api","status":"running","timestamp":"2025-11-25 17:45:20"}
{"environment":"development","level":"info","message":"APPLICATION_STARTING","port":"3000","serverUrl":"http://localhost:3000","service":"urbango-api","timestamp":"2025-11-25 17:45:27"}
{"level":"info","message":"DATABASE_CONNECTED","service":"urbango-api","status":"connected","timestamp":"2025-11-25 17:45:27","url":"mongodb://localhost:27017/urbango"}
{"environment":"development","level":"info","message":"APPLICATION_STARTED","port":"3000","serverUrl":"http://localhost:3000","service":"urbango-api","status":"running","timestamp":"2025-11-25 17:45:27"}
{"environment":"development","level":"info","message":"APPLICATION_STARTING","port":"3000","serverUrl":"http://localhost:3000","service":"urbango-api","timestamp":"2025-11-25 17:50:12"}
{"level":"info","message":"DATABASE_CONNECTED","service":"urbango-api","status":"connected","timestamp":"2025-11-25 17:50:12","url":"mongodb://localhost:27017/urbango"}
{"environment":"development","level":"info","message":"APPLICATION_STARTED","port":"3000","serverUrl":"http://localhost:3000","service":"urbango-api","status":"running","timestamp":"2025-11-25 17:50:12"}
{"environment":"development","level":"info","message":"APPLICATION_STARTING","port":"3000","serverUrl":"http://localhost:3000","service":"urbango-api","timestamp":"2025-11-25 17:51:21"}
{"level":"info","message":"DATABASE_CONNECTED","service":"urbango-api","status":"connected","timestamp":"2025-11-25 17:51:22","url":"mongodb://localhost:27017/urbango"}
{"environment":"development","level":"info","message":"APPLICATION_STARTED","port":"3000","serverUrl":"http://localhost:3000","service":"urbango-api","status":"running","timestamp":"2025-11-25 17:51:22"}
{"environment":"development","level":"info","message":"APPLICATION_STARTING","port":"3000","serverUrl":"http://localhost:3000","service":"urbango-api","timestamp":"2025-11-25 17:51:23"}
{"level":"info","message":"DATABASE_CONNECTED","service":"urbango-api","status":"connected","timestamp":"2025-11-25 17:51:23","url":"mongodb://localhost:27017/urbango"}
{"environment":"development","level":"info","message":"APPLICATION_STARTED","port":"3000","serverUrl":"http://localhost:3000","service":"urbango-api","status":"running","timestamp":"2025-11-25 17:51:23"}
{"environment":"development","level":"info","message":"APPLICATION_STARTING","port":"3000","serverUrl":"http://localhost:3000","service":"urbango-api","timestamp":"2025-11-25 17:52:05"}
{"level":"info","message":"DATABASE_CONNECTED","service":"urbango-api","status":"connected","timestamp":"2025-11-25 17:52:05","url":"mongodb://localhost:27017/urbango"}
{"environment":"development","level":"info","message":"APPLICATION_STARTED","port":"3000","serverUrl":"http://localhost:3000","service":"urbango-api","status":"running","timestamp":"2025-11-25 17:52:05"}
{"environment":"development","level":"info","message":"APPLICATION_STARTING","port":"3000","serverUrl":"http://localhost:3000","service":"urbango-api","timestamp":"2025-11-25 17:52:05"}
{"level":"info","message":"DATABASE_CONNECTED","service":"urbango-api","status":"connected","timestamp":"2025-11-25 17:52:06","url":"mongodb://localhost:27017/urbango"}
{"environment":"development","level":"info","message":"APPLICATION_STARTED","port":"3000","serverUrl":"http://localhost:3000","service":"urbango-api","status":"running","timestamp":"2025-11-25 17:52:06"}
{"environment":"development","level":"info","message":"APPLICATION_STARTING","port":"3000","serverUrl":"http://localhost:3000","service":"urbango-api","timestamp":"2025-11-25 17:52:13"}
{"level":"info","message":"DATABASE_CONNECTED","service":"urbango-api","status":"connected","timestamp":"2025-11-25 17:52:13","url":"mongodb://localhost:27017/urbango"}
{"environment":"development","level":"info","message":"APPLICATION_STARTED","port":"3000","serverUrl":"http://localhost:3000","service":"urbango-api","status":"running","timestamp":"2025-11-25 17:52:13"}
{"environment":"development","level":"info","message":"APPLICATION_STARTING","port":"3000","serverUrl":"http://localhost:3000","service":"urbango-api","timestamp":"2025-11-25 17:52:25"}
{"level":"info","message":"DATABASE_CONNECTED","service":"urbango-api","status":"connected","timestamp":"2025-11-25 17:52:25","url":"mongodb://localhost:27017/urbango"}
{"environment":"development","level":"info","message":"APPLICATION_STARTED","port":"3000","serverUrl":"http://localhost:3000","service":"urbango-api","status":"running","timestamp":"2025-11-25 17:52:25"}
{"environment":"development","level":"info","message":"APPLICATION_STARTING","port":"3000","serverUrl":"http://localhost:3000","service":"urbango-api","timestamp":"2025-11-25 17:52:26"}
{"level":"info","message":"DATABASE_CONNECTED","service":"urbango-api","status":"connected","timestamp":"2025-11-25 17:52:26","url":"mongodb://localhost:27017/urbango"}
{"environment":"development","level":"info","message":"APPLICATION_STARTED","port":"3000","serverUrl":"http://localhost:3000","service":"urbango-api","status":"running","timestamp":"2025-11-25 17:52:26"}
{"environment":"development","level":"info","message":"APPLICATION_STARTING","port":"3000","serverUrl":"http://localhost:3000","service":"urbango-api","timestamp":"2025-11-25 17:52:32"}
{"level":"info","message":"DATABASE_CONNECTED","service":"urbango-api","status":"connected","timestamp":"2025-11-25 17:52:32","url":"mongodb://localhost:27017/urbango"}
{"environment":"development","level":"info","message":"APPLICATION_STARTED","port":"3000","serverUrl":"http://localhost:3000","service":"urbango-api","status":"running","timestamp":"2025-11-25 17:52:32"}
{"environment":"development","level":"info","message":"APPLICATION_STARTING","port":"3000","serverUrl":"http://localhost:3000","service":"urbango-api","timestamp":"2025-11-25 17:55:11"}
{"level":"info","message":"DATABASE_CONNECTED","service":"urbango-api","status":"connected","timestamp":"2025-11-25 17:55:11","url":"mongodb://localhost:27017/urbango"}
{"environment":"development","level":"info","message":"APPLICATION_STARTED","port":"3000","serverUrl":"http://localhost:3000","service":"urbango-api","status":"running","timestamp":"2025-11-25 17:55:11"}
{"environment":"development","level":"info","message":"APPLICATION_STARTING","port":"3000","serverUrl":"http://localhost:3000","service":"urbango-api","timestamp":"2025-11-25 17:55:44"}
{"level":"info","message":"DATABASE_CONNECTED","service":"urbango-api","status":"connected","timestamp":"2025-11-25 17:55:44","url":"mongodb://localhost:27017/urbango"}
{"environment":"development","level":"info","message":"APPLICATION_STARTED","port":"3000","serverUrl":"http://localhost:3000","service":"urbango-api","status":"running","timestamp":"2025-11-25 17:55:44"}
{"environment":"development","level":"info","message":"APPLICATION_STARTING","port":"3000","serverUrl":"http://localhost:3000","service":"urbango-api","timestamp":"2025-11-25 17:55:49"}
{"level":"info","message":"DATABASE_CONNECTED","service":"urbango-api","status":"connected","timestamp":"2025-11-25 17:55:49","url":"mongodb://localhost:27017/urbango"}
{"environment":"development","level":"info","message":"APPLICATION_STARTED","port":"3000","serverUrl":"http://localhost:3000","service":"urbango-api","status":"running","timestamp":"2025-11-25 17:55:49"}
{"environment":"development","level":"info","message":"APPLICATION_STARTING","port":"3000","serverUrl":"http://localhost:3000","service":"urbango-api","timestamp":"2025-11-25 17:56:41"}
{"level":"info","message":"DATABASE_CONNECTED","service":"urbango-api","status":"connected","timestamp":"2025-11-25 17:56:41","url":"mongodb://localhost:27017/urbango"}
{"environment":"development","level":"info","message":"APPLICATION_STARTED","port":"3000","serverUrl":"http://localhost:3000","service":"urbango-api","status":"running","timestamp":"2025-11-25 17:56:41"}
{"environment":"development","level":"info","message":"APPLICATION_STARTING","port":"3000","serverUrl":"http://localhost:3000","service":"urbango-api","timestamp":"2025-11-25 17:56:49"}
{"level":"info","message":"DATABASE_CONNECTED","service":"urbango-api","status":"connected","timestamp":"2025-11-25 17:56:49","url":"mongodb://localhost:27017/urbango"}
{"environment":"development","level":"info","message":"APPLICATION_STARTED","port":"3000","serverUrl":"http://localhost:3000","service":"urbango-api","status":"running","timestamp":"2025-11-25 17:56:49"}
{"ip":"::1","level":"warn","message":"CLIENT_ERROR_404 Route /api/v1//public/data not found","method":"GET","originalError":"Error","service":"urbango-api","stack":"Error: Route /api/v1//public/data not found\n    at D:\\03_Projects\\Backend\\Movon\\src\\app.js:25:17\n    at Layer.handleRequest (D:\\03_Projects\\Backend\\Movon\\node_modules\\router\\lib\\layer.js:152:17)\n    at trimPrefix (D:\\03_Projects\\Backend\\Movon\\node_modules\\router\\index.js:342:13)\n    at D:\\03_Projects\\Backend\\Movon\\node_modules\\router\\index.js:297:9\n    at processParams (D:\\03_Projects\\Backend\\Movon\\node_modules\\router\\index.js:582:12)\n    at next (D:\\03_Projects\\Backend\\Movon\\node_modules\\router\\index.js:291:5)\n    at D:\\03_Projects\\Backend\\Movon\\node_modules\\router\\index.js:688:15\n    at next (D:\\03_Projects\\Backend\\Movon\\node_modules\\router\\index.js:276:14)\n    at Function.handle (D:\\03_Projects\\Backend\\Movon\\node_modules\\router\\index.js:186:3)\n    at router (D:\\03_Projects\\Backend\\Movon\\node_modules\\router\\index.js:60:12)","statusCode":404,"timestamp":"2025-11-25 17:57:03","url":"/api/v1//public/data","userAgent":"Mozilla/5.0 (Linux; Android 6.0; Nexus 5 Build/MRA58N) AppleWebKit/537.36 (KHTML, like Gecko) Chrome/142.0.0.0 Mobile Safari/537.36","userId":"anonymous"}
{"ip":"::1","level":"warn","message":"CLIENT_ERROR_404 Route /.well-known/appspecific/com.chrome.devtools.json not found","method":"GET","originalError":"Error","service":"urbango-api","stack":"Error: Route /.well-known/appspecific/com.chrome.devtools.json not found\n    at D:\\03_Projects\\Backend\\Movon\\src\\app.js:25:17\n    at Layer.handleRequest (D:\\03_Projects\\Backend\\Movon\\node_modules\\router\\lib\\layer.js:152:17)\n    at trimPrefix (D:\\03_Projects\\Backend\\Movon\\node_modules\\router\\index.js:342:13)\n    at D:\\03_Projects\\Backend\\Movon\\node_modules\\router\\index.js:297:9\n    at processParams (D:\\03_Projects\\Backend\\Movon\\node_modules\\router\\index.js:582:12)\n    at next (D:\\03_Projects\\Backend\\Movon\\node_modules\\router\\index.js:291:5)\n    at general (D:\\03_Projects\\Backend\\Movon\\src\\config\\rate-limiter.js:70:7)\n    at process.processTicksAndRejections (node:internal/process/task_queues:95:5)","statusCode":404,"timestamp":"2025-11-25 17:57:04","url":"/.well-known/appspecific/com.chrome.devtools.json","userAgent":"Mozilla/5.0 (Windows NT 10.0; Win64; x64) AppleWebKit/537.36 (KHTML, like Gecko) Chrome/142.0.0.0 Safari/537.36","userId":"anonymous"}
{"ip":"::1","level":"warn","message":"CLIENT_ERROR_404 Route /.well-known/appspecific/com.chrome.devtools.json not found","method":"GET","originalError":"Error","service":"urbango-api","stack":"Error: Route /.well-known/appspecific/com.chrome.devtools.json not found\n    at D:\\03_Projects\\Backend\\Movon\\src\\app.js:25:17\n    at Layer.handleRequest (D:\\03_Projects\\Backend\\Movon\\node_modules\\router\\lib\\layer.js:152:17)\n    at trimPrefix (D:\\03_Projects\\Backend\\Movon\\node_modules\\router\\index.js:342:13)\n    at D:\\03_Projects\\Backend\\Movon\\node_modules\\router\\index.js:297:9\n    at processParams (D:\\03_Projects\\Backend\\Movon\\node_modules\\router\\index.js:582:12)\n    at next (D:\\03_Projects\\Backend\\Movon\\node_modules\\router\\index.js:291:5)\n    at general (D:\\03_Projects\\Backend\\Movon\\src\\config\\rate-limiter.js:70:7)\n    at process.processTicksAndRejections (node:internal/process/task_queues:95:5)","statusCode":404,"timestamp":"2025-11-25 17:57:23","url":"/.well-known/appspecific/com.chrome.devtools.json","userAgent":"Mozilla/5.0 (Windows NT 10.0; Win64; x64) AppleWebKit/537.36 (KHTML, like Gecko) Chrome/142.0.0.0 Safari/537.36","userId":"anonymous"}
{"environment":"development","level":"info","message":"APPLICATION_STARTING","port":"3000","serverUrl":"http://localhost:3000","service":"urbango-api","timestamp":"2025-11-25 17:57:32"}
{"level":"info","message":"DATABASE_CONNECTED","service":"urbango-api","status":"connected","timestamp":"2025-11-25 17:57:32","url":"mongodb://localhost:27017/urbango"}
{"environment":"development","level":"info","message":"APPLICATION_STARTED","port":"3000","serverUrl":"http://localhost:3000","service":"urbango-api","status":"running","timestamp":"2025-11-25 17:57:32"}
{"ip":"::1","level":"warn","message":"CLIENT_ERROR_404 Route /.well-known/appspecific/com.chrome.devtools.json not found","method":"GET","originalError":"Error","service":"urbango-api","stack":"Error: Route /.well-known/appspecific/com.chrome.devtools.json not found\n    at D:\\03_Projects\\Backend\\Movon\\src\\app.js:25:17\n    at Layer.handleRequest (D:\\03_Projects\\Backend\\Movon\\node_modules\\router\\lib\\layer.js:152:17)\n    at trimPrefix (D:\\03_Projects\\Backend\\Movon\\node_modules\\router\\index.js:342:13)\n    at D:\\03_Projects\\Backend\\Movon\\node_modules\\router\\index.js:297:9\n    at processParams (D:\\03_Projects\\Backend\\Movon\\node_modules\\router\\index.js:582:12)\n    at next (D:\\03_Projects\\Backend\\Movon\\node_modules\\router\\index.js:291:5)\n    at general (D:\\03_Projects\\Backend\\Movon\\src\\config\\rate-limiter.js:70:7)\n    at process.processTicksAndRejections (node:internal/process/task_queues:95:5)","statusCode":404,"timestamp":"2025-11-25 18:00:02","url":"/.well-known/appspecific/com.chrome.devtools.json","userAgent":"Mozilla/5.0 (Windows NT 10.0; Win64; x64) AppleWebKit/537.36 (KHTML, like Gecko) Chrome/142.0.0.0 Safari/537.36","userId":"anonymous"}
{"ip":"::1","level":"warn","message":"CLIENT_ERROR_404 Route /.well-known/appspecific/com.chrome.devtools.json not found","method":"GET","originalError":"Error","service":"urbango-api","stack":"Error: Route /.well-known/appspecific/com.chrome.devtools.json not found\n    at D:\\03_Projects\\Backend\\Movon\\src\\app.js:25:17\n    at Layer.handleRequest (D:\\03_Projects\\Backend\\Movon\\node_modules\\router\\lib\\layer.js:152:17)\n    at trimPrefix (D:\\03_Projects\\Backend\\Movon\\node_modules\\router\\index.js:342:13)\n    at D:\\03_Projects\\Backend\\Movon\\node_modules\\router\\index.js:297:9\n    at processParams (D:\\03_Projects\\Backend\\Movon\\node_modules\\router\\index.js:582:12)\n    at next (D:\\03_Projects\\Backend\\Movon\\node_modules\\router\\index.js:291:5)\n    at general (D:\\03_Projects\\Backend\\Movon\\src\\config\\rate-limiter.js:70:7)\n    at process.processTicksAndRejections (node:internal/process/task_queues:95:5)","statusCode":404,"timestamp":"2025-11-25 18:00:05","url":"/.well-known/appspecific/com.chrome.devtools.json","userAgent":"Mozilla/5.0 (Windows NT 10.0; Win64; x64) AppleWebKit/537.36 (KHTML, like Gecko) Chrome/142.0.0.0 Safari/537.36","userId":"anonymous"}
{"ip":"::1","level":"warn","message":"CLIENT_ERROR_404 Route /.well-known/appspecific/com.chrome.devtools.json not found","method":"GET","originalError":"Error","service":"urbango-api","stack":"Error: Route /.well-known/appspecific/com.chrome.devtools.json not found\n    at D:\\03_Projects\\Backend\\Movon\\src\\app.js:25:17\n    at Layer.handleRequest (D:\\03_Projects\\Backend\\Movon\\node_modules\\router\\lib\\layer.js:152:17)\n    at trimPrefix (D:\\03_Projects\\Backend\\Movon\\node_modules\\router\\index.js:342:13)\n    at D:\\03_Projects\\Backend\\Movon\\node_modules\\router\\index.js:297:9\n    at processParams (D:\\03_Projects\\Backend\\Movon\\node_modules\\router\\index.js:582:12)\n    at next (D:\\03_Projects\\Backend\\Movon\\node_modules\\router\\index.js:291:5)\n    at general (D:\\03_Projects\\Backend\\Movon\\src\\config\\rate-limiter.js:70:7)\n    at process.processTicksAndRejections (node:internal/process/task_queues:95:5)","statusCode":404,"timestamp":"2025-11-25 18:00:07","url":"/.well-known/appspecific/com.chrome.devtools.json","userAgent":"Mozilla/5.0 (Windows NT 10.0; Win64; x64) AppleWebKit/537.36 (KHTML, like Gecko) Chrome/142.0.0.0 Safari/537.36","userId":"anonymous"}
{"ip":"::1","level":"warn","message":"CLIENT_ERROR_404 Route /.well-known/appspecific/com.chrome.devtools.json not found","method":"GET","originalError":"Error","service":"urbango-api","stack":"Error: Route /.well-known/appspecific/com.chrome.devtools.json not found\n    at D:\\03_Projects\\Backend\\Movon\\src\\app.js:25:17\n    at Layer.handleRequest (D:\\03_Projects\\Backend\\Movon\\node_modules\\router\\lib\\layer.js:152:17)\n    at trimPrefix (D:\\03_Projects\\Backend\\Movon\\node_modules\\router\\index.js:342:13)\n    at D:\\03_Projects\\Backend\\Movon\\node_modules\\router\\index.js:297:9\n    at processParams (D:\\03_Projects\\Backend\\Movon\\node_modules\\router\\index.js:582:12)\n    at next (D:\\03_Projects\\Backend\\Movon\\node_modules\\router\\index.js:291:5)\n    at general (D:\\03_Projects\\Backend\\Movon\\src\\config\\rate-limiter.js:70:7)\n    at process.processTicksAndRejections (node:internal/process/task_queues:95:5)","statusCode":404,"timestamp":"2025-11-25 18:00:08","url":"/.well-known/appspecific/com.chrome.devtools.json","userAgent":"Mozilla/5.0 (Windows NT 10.0; Win64; x64) AppleWebKit/537.36 (KHTML, like Gecko) Chrome/142.0.0.0 Safari/537.36","userId":"anonymous"}
{"ip":"::1","level":"warn","message":"CLIENT_ERROR_404 Route /.well-known/appspecific/com.chrome.devtools.json not found","method":"GET","originalError":"Error","service":"urbango-api","stack":"Error: Route /.well-known/appspecific/com.chrome.devtools.json not found\n    at D:\\03_Projects\\Backend\\Movon\\src\\app.js:25:17\n    at Layer.handleRequest (D:\\03_Projects\\Backend\\Movon\\node_modules\\router\\lib\\layer.js:152:17)\n    at trimPrefix (D:\\03_Projects\\Backend\\Movon\\node_modules\\router\\index.js:342:13)\n    at D:\\03_Projects\\Backend\\Movon\\node_modules\\router\\index.js:297:9\n    at processParams (D:\\03_Projects\\Backend\\Movon\\node_modules\\router\\index.js:582:12)\n    at next (D:\\03_Projects\\Backend\\Movon\\node_modules\\router\\index.js:291:5)\n    at general (D:\\03_Projects\\Backend\\Movon\\src\\config\\rate-limiter.js:70:7)\n    at process.processTicksAndRejections (node:internal/process/task_queues:95:5)","statusCode":404,"timestamp":"2025-11-25 18:00:11","url":"/.well-known/appspecific/com.chrome.devtools.json","userAgent":"Mozilla/5.0 (Windows NT 10.0; Win64; x64) AppleWebKit/537.36 (KHTML, like Gecko) Chrome/142.0.0.0 Safari/537.36","userId":"anonymous"}
{"ip":"::1","level":"warn","message":"CLIENT_ERROR_404 Route /.well-known/appspecific/com.chrome.devtools.json not found","method":"GET","originalError":"Error","service":"urbango-api","stack":"Error: Route /.well-known/appspecific/com.chrome.devtools.json not found\n    at D:\\03_Projects\\Backend\\Movon\\src\\app.js:25:17\n    at Layer.handleRequest (D:\\03_Projects\\Backend\\Movon\\node_modules\\router\\lib\\layer.js:152:17)\n    at trimPrefix (D:\\03_Projects\\Backend\\Movon\\node_modules\\router\\index.js:342:13)\n    at D:\\03_Projects\\Backend\\Movon\\node_modules\\router\\index.js:297:9\n    at processParams (D:\\03_Projects\\Backend\\Movon\\node_modules\\router\\index.js:582:12)\n    at next (D:\\03_Projects\\Backend\\Movon\\node_modules\\router\\index.js:291:5)\n    at general (D:\\03_Projects\\Backend\\Movon\\src\\config\\rate-limiter.js:70:7)\n    at process.processTicksAndRejections (node:internal/process/task_queues:95:5)","statusCode":404,"timestamp":"2025-11-25 18:00:12","url":"/.well-known/appspecific/com.chrome.devtools.json","userAgent":"Mozilla/5.0 (Windows NT 10.0; Win64; x64) AppleWebKit/537.36 (KHTML, like Gecko) Chrome/142.0.0.0 Safari/537.36","userId":"anonymous"}
{"ip":"::1","level":"warn","message":"CLIENT_ERROR_404 Route /.well-known/appspecific/com.chrome.devtools.json not found","method":"GET","originalError":"Error","service":"urbango-api","stack":"Error: Route /.well-known/appspecific/com.chrome.devtools.json not found\n    at D:\\03_Projects\\Backend\\Movon\\src\\app.js:25:17\n    at Layer.handleRequest (D:\\03_Projects\\Backend\\Movon\\node_modules\\router\\lib\\layer.js:152:17)\n    at trimPrefix (D:\\03_Projects\\Backend\\Movon\\node_modules\\router\\index.js:342:13)\n    at D:\\03_Projects\\Backend\\Movon\\node_modules\\router\\index.js:297:9\n    at processParams (D:\\03_Projects\\Backend\\Movon\\node_modules\\router\\index.js:582:12)\n    at next (D:\\03_Projects\\Backend\\Movon\\node_modules\\router\\index.js:291:5)\n    at general (D:\\03_Projects\\Backend\\Movon\\src\\config\\rate-limiter.js:70:7)\n    at process.processTicksAndRejections (node:internal/process/task_queues:95:5)","statusCode":404,"timestamp":"2025-11-25 18:00:14","url":"/.well-known/appspecific/com.chrome.devtools.json","userAgent":"Mozilla/5.0 (Windows NT 10.0; Win64; x64) AppleWebKit/537.36 (KHTML, like Gecko) Chrome/142.0.0.0 Safari/537.36","userId":"anonymous"}
{"ip":"::1","level":"warn","message":"CLIENT_ERROR_404 Route /api/v1/public/auth/login not found","method":"GET","originalError":"Error","service":"urbango-api","stack":"Error: Route /api/v1/public/auth/login not found\n    at D:\\03_Projects\\Backend\\Movon\\src\\app.js:25:17\n    at Layer.handleRequest (D:\\03_Projects\\Backend\\Movon\\node_modules\\router\\lib\\layer.js:152:17)\n    at trimPrefix (D:\\03_Projects\\Backend\\Movon\\node_modules\\router\\index.js:342:13)\n    at D:\\03_Projects\\Backend\\Movon\\node_modules\\router\\index.js:297:9\n    at processParams (D:\\03_Projects\\Backend\\Movon\\node_modules\\router\\index.js:582:12)\n    at next (D:\\03_Projects\\Backend\\Movon\\node_modules\\router\\index.js:291:5)\n    at D:\\03_Projects\\Backend\\Movon\\node_modules\\router\\index.js:688:15\n    at next (D:\\03_Projects\\Backend\\Movon\\node_modules\\router\\index.js:276:14)\n    at Function.handle (D:\\03_Projects\\Backend\\Movon\\node_modules\\router\\index.js:186:3)\n    at router (D:\\03_Projects\\Backend\\Movon\\node_modules\\router\\index.js:60:12)","statusCode":404,"timestamp":"2025-11-25 18:00:38","url":"/api/v1/public/auth/login","userAgent":"Mozilla/5.0 (Linux; Android 6.0; Nexus 5 Build/MRA58N) AppleWebKit/537.36 (KHTML, like Gecko) Chrome/142.0.0.0 Mobile Safari/537.36","userId":"anonymous"}
{"ip":"::1","level":"warn","message":"CLIENT_ERROR_404 Route /.well-known/appspecific/com.chrome.devtools.json not found","method":"GET","originalError":"Error","service":"urbango-api","stack":"Error: Route /.well-known/appspecific/com.chrome.devtools.json not found\n    at D:\\03_Projects\\Backend\\Movon\\src\\app.js:25:17\n    at Layer.handleRequest (D:\\03_Projects\\Backend\\Movon\\node_modules\\router\\lib\\layer.js:152:17)\n    at trimPrefix (D:\\03_Projects\\Backend\\Movon\\node_modules\\router\\index.js:342:13)\n    at D:\\03_Projects\\Backend\\Movon\\node_modules\\router\\index.js:297:9\n    at processParams (D:\\03_Projects\\Backend\\Movon\\node_modules\\router\\index.js:582:12)\n    at next (D:\\03_Projects\\Backend\\Movon\\node_modules\\router\\index.js:291:5)\n    at general (D:\\03_Projects\\Backend\\Movon\\src\\config\\rate-limiter.js:70:7)\n    at process.processTicksAndRejections (node:internal/process/task_queues:95:5)","statusCode":404,"timestamp":"2025-11-25 18:00:38","url":"/.well-known/appspecific/com.chrome.devtools.json","userAgent":"Mozilla/5.0 (Windows NT 10.0; Win64; x64) AppleWebKit/537.36 (KHTML, like Gecko) Chrome/142.0.0.0 Safari/537.36","userId":"anonymous"}
{"ip":"::1","level":"warn","message":"CLIENT_ERROR_404 Route /api/v1/auth/login not found","method":"GET","originalError":"Error","service":"urbango-api","stack":"Error: Route /api/v1/auth/login not found\n    at D:\\03_Projects\\Backend\\Movon\\src\\app.js:25:17\n    at Layer.handleRequest (D:\\03_Projects\\Backend\\Movon\\node_modules\\router\\lib\\layer.js:152:17)\n    at trimPrefix (D:\\03_Projects\\Backend\\Movon\\node_modules\\router\\index.js:342:13)\n    at D:\\03_Projects\\Backend\\Movon\\node_modules\\router\\index.js:297:9\n    at processParams (D:\\03_Projects\\Backend\\Movon\\node_modules\\router\\index.js:582:12)\n    at next (D:\\03_Projects\\Backend\\Movon\\node_modules\\router\\index.js:291:5)\n    at D:\\03_Projects\\Backend\\Movon\\node_modules\\router\\index.js:688:15\n    at next (D:\\03_Projects\\Backend\\Movon\\node_modules\\router\\index.js:276:14)\n    at Function.handle (D:\\03_Projects\\Backend\\Movon\\node_modules\\router\\index.js:186:3)\n    at router (D:\\03_Projects\\Backend\\Movon\\node_modules\\router\\index.js:60:12)","statusCode":404,"timestamp":"2025-11-25 18:00:45","url":"/api/v1/auth/login","userAgent":"Mozilla/5.0 (Linux; Android 6.0; Nexus 5 Build/MRA58N) AppleWebKit/537.36 (KHTML, like Gecko) Chrome/142.0.0.0 Mobile Safari/537.36","userId":"anonymous"}
{"ip":"::1","level":"warn","message":"CLIENT_ERROR_404 Route /.well-known/appspecific/com.chrome.devtools.json not found","method":"GET","originalError":"Error","service":"urbango-api","stack":"Error: Route /.well-known/appspecific/com.chrome.devtools.json not found\n    at D:\\03_Projects\\Backend\\Movon\\src\\app.js:25:17\n    at Layer.handleRequest (D:\\03_Projects\\Backend\\Movon\\node_modules\\router\\lib\\layer.js:152:17)\n    at trimPrefix (D:\\03_Projects\\Backend\\Movon\\node_modules\\router\\index.js:342:13)\n    at D:\\03_Projects\\Backend\\Movon\\node_modules\\router\\index.js:297:9\n    at processParams (D:\\03_Projects\\Backend\\Movon\\node_modules\\router\\index.js:582:12)\n    at next (D:\\03_Projects\\Backend\\Movon\\node_modules\\router\\index.js:291:5)\n    at general (D:\\03_Projects\\Backend\\Movon\\src\\config\\rate-limiter.js:70:7)\n    at process.processTicksAndRejections (node:internal/process/task_queues:95:5)","statusCode":404,"timestamp":"2025-11-25 18:00:45","url":"/.well-known/appspecific/com.chrome.devtools.json","userAgent":"Mozilla/5.0 (Windows NT 10.0; Win64; x64) AppleWebKit/537.36 (KHTML, like Gecko) Chrome/142.0.0.0 Safari/537.36","userId":"anonymous"}
{"ip":"::1","level":"warn","message":"CLIENT_ERROR_404 Route /api/v1/auth/login not found","method":"GET","originalError":"Error","service":"urbango-api","stack":"Error: Route /api/v1/auth/login not found\n    at D:\\03_Projects\\Backend\\Movon\\src\\app.js:25:17\n    at Layer.handleRequest (D:\\03_Projects\\Backend\\Movon\\node_modules\\router\\lib\\layer.js:152:17)\n    at trimPrefix (D:\\03_Projects\\Backend\\Movon\\node_modules\\router\\index.js:342:13)\n    at D:\\03_Projects\\Backend\\Movon\\node_modules\\router\\index.js:297:9\n    at processParams (D:\\03_Projects\\Backend\\Movon\\node_modules\\router\\index.js:582:12)\n    at next (D:\\03_Projects\\Backend\\Movon\\node_modules\\router\\index.js:291:5)\n    at D:\\03_Projects\\Backend\\Movon\\node_modules\\router\\index.js:688:15\n    at next (D:\\03_Projects\\Backend\\Movon\\node_modules\\router\\index.js:276:14)\n    at Function.handle (D:\\03_Projects\\Backend\\Movon\\node_modules\\router\\index.js:186:3)\n    at router (D:\\03_Projects\\Backend\\Movon\\node_modules\\router\\index.js:60:12)","statusCode":404,"timestamp":"2025-11-25 18:00:58","url":"/api/v1/auth/login","userAgent":"Mozilla/5.0 (Linux; Android 6.0; Nexus 5 Build/MRA58N) AppleWebKit/537.36 (KHTML, like Gecko) Chrome/142.0.0.0 Mobile Safari/537.36","userId":"anonymous"}
{"ip":"::1","level":"warn","message":"CLIENT_ERROR_404 Route /.well-known/appspecific/com.chrome.devtools.json not found","method":"GET","originalError":"Error","service":"urbango-api","stack":"Error: Route /.well-known/appspecific/com.chrome.devtools.json not found\n    at D:\\03_Projects\\Backend\\Movon\\src\\app.js:25:17\n    at Layer.handleRequest (D:\\03_Projects\\Backend\\Movon\\node_modules\\router\\lib\\layer.js:152:17)\n    at trimPrefix (D:\\03_Projects\\Backend\\Movon\\node_modules\\router\\index.js:342:13)\n    at D:\\03_Projects\\Backend\\Movon\\node_modules\\router\\index.js:297:9\n    at processParams (D:\\03_Projects\\Backend\\Movon\\node_modules\\router\\index.js:582:12)\n    at next (D:\\03_Projects\\Backend\\Movon\\node_modules\\router\\index.js:291:5)\n    at general (D:\\03_Projects\\Backend\\Movon\\src\\config\\rate-limiter.js:70:7)\n    at process.processTicksAndRejections (node:internal/process/task_queues:95:5)","statusCode":404,"timestamp":"2025-11-25 18:00:58","url":"/.well-known/appspecific/com.chrome.devtools.json","userAgent":"Mozilla/5.0 (Windows NT 10.0; Win64; x64) AppleWebKit/537.36 (KHTML, like Gecko) Chrome/142.0.0.0 Safari/537.36","userId":"anonymous"}
{"ip":"::1","level":"warn","message":"CLIENT_ERROR_404 Route /.well-known/appspecific/com.chrome.devtools.json not found","method":"GET","originalError":"Error","service":"urbango-api","stack":"Error: Route /.well-known/appspecific/com.chrome.devtools.json not found\n    at D:\\03_Projects\\Backend\\Movon\\src\\app.js:25:17\n    at Layer.handleRequest (D:\\03_Projects\\Backend\\Movon\\node_modules\\router\\lib\\layer.js:152:17)\n    at trimPrefix (D:\\03_Projects\\Backend\\Movon\\node_modules\\router\\index.js:342:13)\n    at D:\\03_Projects\\Backend\\Movon\\node_modules\\router\\index.js:297:9\n    at processParams (D:\\03_Projects\\Backend\\Movon\\node_modules\\router\\index.js:582:12)\n    at next (D:\\03_Projects\\Backend\\Movon\\node_modules\\router\\index.js:291:5)\n    at general (D:\\03_Projects\\Backend\\Movon\\src\\config\\rate-limiter.js:70:7)\n    at process.processTicksAndRejections (node:internal/process/task_queues:95:5)","statusCode":404,"timestamp":"2025-11-25 18:01:25","url":"/.well-known/appspecific/com.chrome.devtools.json","userAgent":"Mozilla/5.0 (Windows NT 10.0; Win64; x64) AppleWebKit/537.36 (KHTML, like Gecko) Chrome/142.0.0.0 Safari/537.36","userId":"anonymous"}
{"ip":"::1","level":"warn","message":"CLIENT_ERROR_404 Route /api/v1/auth/login not found","method":"GET","originalError":"Error","service":"urbango-api","stack":"Error: Route /api/v1/auth/login not found\n    at D:\\03_Projects\\Backend\\Movon\\src\\app.js:25:17\n    at Layer.handleRequest (D:\\03_Projects\\Backend\\Movon\\node_modules\\router\\lib\\layer.js:152:17)\n    at trimPrefix (D:\\03_Projects\\Backend\\Movon\\node_modules\\router\\index.js:342:13)\n    at D:\\03_Projects\\Backend\\Movon\\node_modules\\router\\index.js:297:9\n    at processParams (D:\\03_Projects\\Backend\\Movon\\node_modules\\router\\index.js:582:12)\n    at next (D:\\03_Projects\\Backend\\Movon\\node_modules\\router\\index.js:291:5)\n    at D:\\03_Projects\\Backend\\Movon\\node_modules\\router\\index.js:688:15\n    at next (D:\\03_Projects\\Backend\\Movon\\node_modules\\router\\index.js:276:14)\n    at Function.handle (D:\\03_Projects\\Backend\\Movon\\node_modules\\router\\index.js:186:3)\n    at router (D:\\03_Projects\\Backend\\Movon\\node_modules\\router\\index.js:60:12)","statusCode":404,"timestamp":"2025-11-25 18:01:35","url":"/api/v1/auth/login","userAgent":"Mozilla/5.0 (Linux; Android 6.0; Nexus 5 Build/MRA58N) AppleWebKit/537.36 (KHTML, like Gecko) Chrome/142.0.0.0 Mobile Safari/537.36","userId":"anonymous"}
{"ip":"::1","level":"warn","message":"CLIENT_ERROR_404 Route /.well-known/appspecific/com.chrome.devtools.json not found","method":"GET","originalError":"Error","service":"urbango-api","stack":"Error: Route /.well-known/appspecific/com.chrome.devtools.json not found\n    at D:\\03_Projects\\Backend\\Movon\\src\\app.js:25:17\n    at Layer.handleRequest (D:\\03_Projects\\Backend\\Movon\\node_modules\\router\\lib\\layer.js:152:17)\n    at trimPrefix (D:\\03_Projects\\Backend\\Movon\\node_modules\\router\\index.js:342:13)\n    at D:\\03_Projects\\Backend\\Movon\\node_modules\\router\\index.js:297:9\n    at processParams (D:\\03_Projects\\Backend\\Movon\\node_modules\\router\\index.js:582:12)\n    at next (D:\\03_Projects\\Backend\\Movon\\node_modules\\router\\index.js:291:5)\n    at general (D:\\03_Projects\\Backend\\Movon\\src\\config\\rate-limiter.js:70:7)\n    at process.processTicksAndRejections (node:internal/process/task_queues:95:5)","statusCode":404,"timestamp":"2025-11-25 18:01:35","url":"/.well-known/appspecific/com.chrome.devtools.json","userAgent":"Mozilla/5.0 (Windows NT 10.0; Win64; x64) AppleWebKit/537.36 (KHTML, like Gecko) Chrome/142.0.0.0 Safari/537.36","userId":"anonymous"}
{"environment":"development","level":"info","message":"APPLICATION_STARTING","port":"3000","serverUrl":"http://localhost:3000","service":"urbango-api","timestamp":"2025-12-07 15:26:37"}
{"level":"info","message":"DATABASE_CONNECTED","service":"urbango-api","status":"connected","timestamp":"2025-12-07 15:26:37","url":"mongodb://localhost:27017/urbango"}
{"environment":"development","level":"info","message":"APPLICATION_STARTED","port":"3000","serverUrl":"http://localhost:3000","service":"urbango-api","status":"running","timestamp":"2025-12-07 15:26:37"}
{"environment":"development","level":"info","message":"APPLICATION_STARTING","port":"3000","serverUrl":"http://localhost:3000","service":"urbango-api","timestamp":"2025-12-07 15:48:15"}
{"level":"info","message":"DATABASE_CONNECTED","service":"urbango-api","status":"connected","timestamp":"2025-12-07 15:48:15","url":"mongodb://localhost:27017/urbango"}
{"environment":"development","level":"info","message":"APPLICATION_STARTED","port":"3000","serverUrl":"http://localhost:3000","service":"urbango-api","status":"running","timestamp":"2025-12-07 15:48:15"}
{"environment":"development","level":"info","message":"APPLICATION_STARTING","port":"3000","serverUrl":"http://localhost:3000","service":"urbango-api","timestamp":"2025-12-07 15:49:56"}
{"level":"info","message":"DATABASE_CONNECTED","service":"urbango-api","status":"connected","timestamp":"2025-12-07 15:49:56","url":"mongodb://localhost:27017/urbango"}
{"environment":"development","level":"info","message":"APPLICATION_STARTED","port":"3000","serverUrl":"http://localhost:3000","service":"urbango-api","status":"running","timestamp":"2025-12-07 15:49:56"}
{"environment":"development","level":"info","message":"APPLICATION_STARTING","port":"3000","serverUrl":"http://localhost:3000","service":"urbango-api","timestamp":"2025-12-07 16:28:21"}
{"level":"info","message":"DATABASE_CONNECTED","service":"urbango-api","status":"connected","timestamp":"2025-12-07 16:28:21","url":"mongodb://localhost:27017/urbango"}
{"environment":"development","level":"info","message":"APPLICATION_STARTED","port":"3000","serverUrl":"http://localhost:3000","service":"urbango-api","status":"running","timestamp":"2025-12-07 16:28:21"}
